<?xml version="1.0" encoding="utf-8"?><testsuites name="pytest tests"><testsuite name="pytest" errors="0" failures="0" skipped="0" tests="17" time="3.438" timestamp="2026-05-13T08:54:51.755608+00:00" hostname="agent-env-42135194-9367-4a73-9bd5-84ba163f6f44"><testcase classname="backend.tests.test_iteration4.TestProjectDetail" name="test_get_project_by_id_returns_full_object" time="0.412" /><testcase classname="backend.tests.test_iteration4.TestProjectDetail" name="test_get_project_unknown_id_returns_404" time="0.124" /><testcase classname="backend.tests.test_iteration4.TestClientDocuments" name="test_list_documents_unauth_401" time="0.096" /><testcase classname="backend.tests.test_iteration4.TestClientDocuments" name="test_list_documents_client_returns_only_own_4" time="0.438" /><testcase classname="backend.tests.test_iteration4.TestClientDocuments" name="test_list_documents_client_other_cp_returns_403" time="0.424" /><testcase classname="backend.tests.test_iteration4.TestClientDocuments" name="test_list_documents_admin_returns_all" time="0.046" /><testcase classname="backend.tests.test_iteration4.TestClientDocuments" name="test_create_document_admin_ok" time="0.179" /><testcase classname="backend.tests.test_iteration4.TestClientDocuments" name="test_create_document_client_403" time="0.088" /><testcase classname="backend.tests.test_iteration4.TestClientDocuments" name="test_create_document_invalid_cp_id_404" time="0.047" /><testcase classname="backend.tests.test_iteration4.TestClientDocuments" name="test_delete_document_admin_ok" time="0.184" /><testcase classname="backend.tests.test_iteration4.TestClientDocuments" name="test_delete_document_client_403" time="0.099" /><testcase classname="backend.tests.test_iteration4.TestUploadExtendedMime" name="test_upload_rejects_unknown_extension_400" time="0.048" /><testcase classname="backend.tests.test_iteration4.TestUploadExtendedMime" name="test_upload_accepts_pdf" time="0.192" /><testcase classname="backend.tests.test_iteration4.TestUploadExtendedMime" name="test_upload_accepts_docx" time="0.161" /><testcase classname="backend.tests.test_iteration4.TestTTLIndex" name="test_login_attempts_has_ttl_index_on_failed_at" time="0.003" /><testcase classname="backend.tests.test_iteration4.TestTTLIndex" name="test_failed_at_stored_as_bson_datetime" time="0.107" /><testcase classname="backend.tests.test_iteration4.TestRateLimitRegression" name="test_five_fails_then_429" time="0.636" /></testsuite></testsuites>