<?xml version="1.0" encoding="utf-8"?><testsuites name="pytest tests"><testsuite name="pytest" errors="0" failures="0" skipped="0" tests="63" time="21.663" timestamp="2026-05-13T09:20:15.549811+00:00" hostname="agent-env-42135194-9367-4a73-9bd5-84ba163f6f44"><testcase classname="tests.test_api.TestProjects" name="test_list_all" time="0.135" /><testcase classname="tests.test_api.TestProjects" name="test_filter_residential" time="0.100" /><testcase classname="tests.test_api.TestProjects" name="test_filter_featured" time="0.100" /><testcase classname="tests.test_api.TestInquiries" name="test_create_inquiry_public" time="0.105" /><testcase classname="tests.test_api.TestAuth" name="test_admin_login" time="0.375" /><testcase classname="tests.test_api.TestAuth" name="test_client_login" time="0.317" /><testcase classname="tests.test_api.TestAuth" name="test_invalid_login" time="0.319" /><testcase classname="tests.test_api.TestAuth" name="test_register_new_user" time="0.449" /><testcase classname="tests.test_api.TestAuth" name="test_logout_clears_cookie" time="0.418" /><testcase classname="tests.test_api.TestAccess" name="test_inquiries_requires_admin" time="0.818" /><testcase classname="tests.test_api.TestAccess" name="test_client_projects_for_test_client" time="0.372" /><testcase classname="tests.test_api.TestAccess" name="test_google_session_invalid" time="0.231" /><testcase classname="tests.test_iteration2.TestUpload" name="test_upload_requires_auth" time="0.098" /><testcase classname="tests.test_iteration2.TestUpload" name="test_upload_forbidden_for_client" time="0.359" /><testcase classname="tests.test_iteration2.TestUpload" name="test_upload_admin_png_then_serve" time="0.681" /><testcase classname="tests.test_iteration2.TestUpload" name="test_upload_rejects_non_image" time="0.095" /><testcase classname="tests.test_iteration2.TestUpload" name="test_upload_rejects_oversize" time="0.312" /><testcase classname="tests.test_iteration2.TestUpload" name="test_serve_missing_file_404" time="0.113" /><testcase classname="tests.test_iteration2.TestProjectAdmin" name="test_create_project_requires_admin" time="0.043" /><testcase classname="tests.test_iteration2.TestProjectAdmin" name="test_create_project_unauth" time="0.104" /><testcase classname="tests.test_iteration2.TestProjectAdmin" name="test_admin_create_and_list_and_delete" time="0.873" /><testcase classname="tests.test_iteration2.TestInquiryEmail" name="test_inquiry_triggers_async_email" time="2.100" /><testcase classname="tests.test_iteration3.TestRateLimit" name="test_five_fails_then_locked" time="0.690" /><testcase classname="tests.test_iteration3.TestRateLimit" name="test_lockout_scoped_per_identifier" time="0.944" /><testcase classname="tests.test_iteration3.TestRateLimit" name="test_successful_login_clears_attempts" time="3.252" /><testcase classname="tests.test_iteration3.TestRateLimit" name="test_email_only_identifier_catches_distributed_attack" time="0.597" /><testcase classname="tests.test_iteration3.TestProjectPatch" name="test_patch_as_admin_updates_only_provided_fields" time="0.648" /><testcase classname="tests.test_iteration3.TestProjectPatch" name="test_patch_forbidden_for_client" time="0.586" /><testcase classname="tests.test_iteration3.TestProjectPatch" name="test_patch_unauth" time="0.418" /><testcase classname="tests.test_iteration3.TestProjectPatch" name="test_patch_nonexistent_returns_404" time="0.085" /><testcase classname="tests.test_iteration3.TestProjectPatch" name="test_patch_empty_body_returns_400" time="0.241" /><testcase classname="tests.test_iteration4.TestProjectDetail" name="test_get_project_by_id_returns_full_object" time="0.203" /><testcase classname="tests.test_iteration4.TestProjectDetail" name="test_get_project_unknown_id_returns_404" time="0.097" /><testcase classname="tests.test_iteration4.TestClientDocuments" name="test_list_documents_unauth_401" time="0.095" /><testcase classname="tests.test_iteration4.TestClientDocuments" name="test_list_documents_client_returns_only_own_4" time="0.432" /><testcase classname="tests.test_iteration4.TestClientDocuments" name="test_list_documents_client_other_cp_returns_403" time="0.413" /><testcase classname="tests.test_iteration4.TestClientDocuments" name="test_list_documents_admin_returns_all" time="0.042" /><testcase classname="tests.test_iteration4.TestClientDocuments" name="test_create_document_admin_ok" time="0.215" /><testcase classname="tests.test_iteration4.TestClientDocuments" name="test_create_document_client_403" time="0.086" /><testcase classname="tests.test_iteration4.TestClientDocuments" name="test_create_document_invalid_cp_id_404" time="0.044" /><testcase classname="tests.test_iteration4.TestClientDocuments" name="test_delete_document_admin_ok" time="0.184" /><testcase classname="tests.test_iteration4.TestClientDocuments" name="test_delete_document_client_403" time="0.088" /><testcase classname="tests.test_iteration4.TestUploadExtendedMime" name="test_upload_rejects_unknown_extension_400" time="0.042" /><testcase classname="tests.test_iteration4.TestUploadExtendedMime" name="test_upload_accepts_pdf" time="0.166" /><testcase classname="tests.test_iteration4.TestUploadExtendedMime" name="test_upload_accepts_docx" time="0.144" /><testcase classname="tests.test_iteration4.TestTTLIndex" name="test_login_attempts_has_ttl_index_on_failed_at" time="0.003" /><testcase classname="tests.test_iteration4.TestTTLIndex" name="test_failed_at_stored_as_bson_datetime" time="0.100" /><testcase classname="tests.test_iteration4.TestRateLimitRegression" name="test_five_fails_then_429" time="0.636" /><testcase classname="tests.test_iteration5.TestCommentsList" name="test_unauth_401" time="0.466" /><testcase classname="tests.test_iteration5.TestCommentsList" name="test_client_can_list_own" time="0.045" /><testcase classname="tests.test_iteration5.TestCommentsList" name="test_client_other_cp_403" time="0.417" /><testcase classname="tests.test_iteration5.TestCommentsList" name="test_admin_can_list_any" time="0.046" /><testcase classname="tests.test_iteration5.TestCommentsCreate" name="test_unauth_401" time="0.108" /><testcase classname="tests.test_iteration5.TestCommentsCreate" name="test_client_post_on_own" time="0.134" /><testcase classname="tests.test_iteration5.TestCommentsCreate" name="test_client_post_on_other_403" time="0.045" /><testcase classname="tests.test_iteration5.TestCommentsCreate" name="test_admin_post_on_any" time="0.092" /><testcase classname="tests.test_iteration5.TestCommentsCreate" name="test_empty_body_422" time="0.043" /><testcase classname="tests.test_iteration5.TestCommentsDelete" name="test_admin_can_delete_any" time="0.173" /><testcase classname="tests.test_iteration5.TestCommentsDelete" name="test_client_can_delete_own" time="0.089" /><testcase classname="tests.test_iteration5.TestCommentsDelete" name="test_client_cannot_delete_others" time="0.139" /><testcase classname="tests.test_iteration5.TestCommentsDelete" name="test_delete_unknown_404" time="0.044" /><testcase classname="tests.test_iteration5.TestSeedWelcome" name="test_seed_welcome_comment_exists" time="0.003" /><testcase classname="tests.test_iteration5.TestDocDeleteSoftDeletesBlob" name="test_doc_delete_marks_file_is_deleted_and_serve_404" time="0.594" /></testsuite></testsuites>