<?xml version="1.0" encoding="utf-8"?><testsuites name="pytest tests"><testsuite name="pytest" errors="0" failures="0" skipped="0" tests="10" time="5.377" timestamp="2026-05-13T08:26:15.999663+00:00" hostname="agent-env-42135194-9367-4a73-9bd5-84ba163f6f44"><testcase classname="backend.tests.test_iteration2.TestUpload" name="test_upload_requires_auth" time="0.297" /><testcase classname="backend.tests.test_iteration2.TestUpload" name="test_upload_forbidden_for_client" time="0.382" /><testcase classname="backend.tests.test_iteration2.TestUpload" name="test_upload_admin_png_then_serve" time="0.808" /><testcase classname="backend.tests.test_iteration2.TestUpload" name="test_upload_rejects_non_image" time="0.056" /><testcase classname="backend.tests.test_iteration2.TestUpload" name="test_upload_rejects_oversize" time="0.364" /><testcase classname="backend.tests.test_iteration2.TestUpload" name="test_serve_missing_file_404" time="0.135" /><testcase classname="backend.tests.test_iteration2.TestProjectAdmin" name="test_create_project_requires_admin" time="0.046" /><testcase classname="backend.tests.test_iteration2.TestProjectAdmin" name="test_create_project_unauth" time="0.133" /><testcase classname="backend.tests.test_iteration2.TestProjectAdmin" name="test_admin_create_and_list_and_delete" time="0.973" /><testcase classname="backend.tests.test_iteration2.TestInquiryEmail" name="test_inquiry_triggers_async_email" time="2.110" /></testsuite></testsuites>