<?xml version="1.0" encoding="utf-8"?><testsuites name="pytest tests"><testsuite name="pytest" errors="0" failures="0" skipped="0" tests="15" time="2.767" timestamp="2026-05-13T09:17:31.953343+00:00" hostname="agent-env-42135194-9367-4a73-9bd5-84ba163f6f44"><testcase classname="tests.test_iteration5.TestCommentsList" name="test_unauth_401" time="0.528" /><testcase classname="tests.test_iteration5.TestCommentsList" name="test_client_can_list_own" time="0.053" /><testcase classname="tests.test_iteration5.TestCommentsList" name="test_client_other_cp_403" time="0.445" /><testcase classname="tests.test_iteration5.TestCommentsList" name="test_admin_can_list_any" time="0.053" /><testcase classname="tests.test_iteration5.TestCommentsCreate" name="test_unauth_401" time="0.119" /><testcase classname="tests.test_iteration5.TestCommentsCreate" name="test_client_post_on_own" time="0.155" /><testcase classname="tests.test_iteration5.TestCommentsCreate" name="test_client_post_on_other_403" time="0.049" /><testcase classname="tests.test_iteration5.TestCommentsCreate" name="test_admin_post_on_any" time="0.101" /><testcase classname="tests.test_iteration5.TestCommentsCreate" name="test_empty_body_422" time="0.047" /><testcase classname="tests.test_iteration5.TestCommentsDelete" name="test_admin_can_delete_any" time="0.148" /><testcase classname="tests.test_iteration5.TestCommentsDelete" name="test_client_can_delete_own" time="0.099" /><testcase classname="tests.test_iteration5.TestCommentsDelete" name="test_client_cannot_delete_others" time="0.154" /><testcase classname="tests.test_iteration5.TestCommentsDelete" name="test_delete_unknown_404" time="0.050" /><testcase classname="tests.test_iteration5.TestSeedWelcome" name="test_seed_welcome_comment_exists" time="0.003" /><testcase classname="tests.test_iteration5.TestDocDeleteSoftDeletesBlob" name="test_doc_delete_marks_file_is_deleted_and_serve_404" time="0.610" /></testsuite></testsuites>