<?xml version="1.0" encoding="utf-8"?><testsuites name="pytest tests"><testsuite name="pytest" errors="0" failures="0" skipped="0" tests="12" time="4.137" timestamp="2026-05-13T08:08:34.784517+00:00" hostname="agent-env-42135194-9367-4a73-9bd5-84ba163f6f44"><testcase classname="backend.tests.test_api.TestProjects" name="test_list_all" time="0.259" /><testcase classname="backend.tests.test_api.TestProjects" name="test_filter_residential" time="0.134" /><testcase classname="backend.tests.test_api.TestProjects" name="test_filter_featured" time="0.144" /><testcase classname="backend.tests.test_api.TestInquiries" name="test_create_inquiry_public" time="0.103" /><testcase classname="backend.tests.test_api.TestAuth" name="test_admin_login" time="0.375" /><testcase classname="backend.tests.test_api.TestAuth" name="test_client_login" time="0.321" /><testcase classname="backend.tests.test_api.TestAuth" name="test_invalid_login" time="0.327" /><testcase classname="backend.tests.test_api.TestAuth" name="test_register_new_user" time="0.463" /><testcase classname="backend.tests.test_api.TestAuth" name="test_logout_clears_cookie" time="0.420" /><testcase classname="backend.tests.test_api.TestAccess" name="test_inquiries_requires_admin" time="0.867" /><testcase classname="backend.tests.test_api.TestAccess" name="test_client_projects_for_test_client" time="0.373" /><testcase classname="backend.tests.test_api.TestAccess" name="test_google_session_invalid" time="0.271" /></testsuite></testsuites>