<?xml version="1.0" encoding="utf-8"?><testsuites name="pytest tests"><testsuite name="pytest" errors="0" failures="0" skipped="0" tests="9" time="7.861" timestamp="2026-05-13T08:44:16.569337+00:00" hostname="agent-env-42135194-9367-4a73-9bd5-84ba163f6f44"><testcase classname="backend.tests.test_iteration3.TestRateLimit" name="test_five_fails_then_locked" time="0.909" /><testcase classname="backend.tests.test_iteration3.TestRateLimit" name="test_lockout_scoped_per_identifier" time="1.043" /><testcase classname="backend.tests.test_iteration3.TestRateLimit" name="test_successful_login_clears_attempts" time="3.268" /><testcase classname="backend.tests.test_iteration3.TestRateLimit" name="test_email_only_identifier_catches_distributed_attack" time="0.627" /><testcase classname="backend.tests.test_iteration3.TestProjectPatch" name="test_patch_as_admin_updates_only_provided_fields" time="0.679" /><testcase classname="backend.tests.test_iteration3.TestProjectPatch" name="test_patch_forbidden_for_client" time="0.570" /><testcase classname="backend.tests.test_iteration3.TestProjectPatch" name="test_patch_unauth" time="0.312" /><testcase classname="backend.tests.test_iteration3.TestProjectPatch" name="test_patch_nonexistent_returns_404" time="0.051" /><testcase classname="backend.tests.test_iteration3.TestProjectPatch" name="test_patch_empty_body_returns_400" time="0.257" /></testsuite></testsuites>